c:\users\acer\source\repos\learnıng c\learnıng c\debug\vc142.pdb
c:\users\acer\source\repos\learnıng c\learnıng c\debug\vc142.ıdb
c:\users\acer\source\repos\learnıng c\learnıng c\debug\maın.obj
c:\users\acer\source\repos\learnıng c\debug\learnıng c.exe
c:\users\acer\source\repos\learnıng c\learnıng c\debug\learnıng c.ılk
c:\users\acer\source\repos\learnıng c\debug\learnıng c.pdb
c:\users\acer\source\repos\learning c\learning c\debug\main.obj
c:\users\acer\source\repos\learning c\learning c\debug\question 1.obj
c:\users\acer\source\repos\learning c\learning c\debug\main.obj.enc
c:\users\acer\source\repos\learning c\learning c\debug\learning c.ilk
c:\users\acer\source\repos\learning c\learning c\debug\vc142.idb
c:\users\acer\source\repos\learning c\learning c\debug\vc142.pdb
c:\users\acer\source\repos\learning c\debug\learning c.pdb
c:\users\acer\source\repos\learning c\debug\learning c.exe
c:\users\acer\source\repos\learning c\learning c\debug\learning c.tlog\cl.command.1.tlog
c:\users\acer\source\repos\learning c\learning c\debug\learning c.tlog\cl.read.1.tlog
c:\users\acer\source\repos\learning c\learning c\debug\learning c.tlog\cl.write.1.tlog
c:\users\acer\source\repos\learning c\learning c\debug\learning c.tlog\link.command.1.tlog
c:\users\acer\source\repos\learning c\learning c\debug\learning c.tlog\link.read.1.tlog
c:\users\acer\source\repos\learning c\learning c\debug\learning c.tlog\link.write.1.tlog
